<?xml version="1.0" encoding="UTF-8"?>
<!-- Generated by org.testng.reporters.JUnitReportReporter -->
<testsuite hostname="MAI" failures="0" tests="1" name="com.maybestore.Test_Checkout_Maybi" time="27.324" errors="0" timestamp="28 thg 3 2024 17:01:25 GMT" skipped="0">
  <testcase classname="com.maybestore.Test_Checkout_Maybi" name="TC_10_Check_Payment" time="27.324"/>
</testsuite> <!-- com.maybestore.Test_Checkout_Maybi -->
