<?xml version="1.0" encoding="UTF-8"?>
<!-- Generated by org.testng.reporters.JUnitReportReporter -->
<testsuite hostname="MAI" failures="0" tests="2" name="com.maybestore.Login" time="14.376" errors="0" timestamp="16 thg 3 2024 13:25:21 GMT" skipped="0">
  <testcase classname="com.maybestore.Login" name="TC01_Login_Success" time="5.845"/>
  <testcase classname="com.maybestore.Login" name="TC02_Empty" time="8.531"/>
</testsuite> <!-- com.maybestore.Login -->
