<?xml version="1.0" encoding="UTF-8"?>
<!-- Generated by org.testng.reporters.JUnitReportReporter -->
<testsuite hostname="MAI" failures="0" tests="1" name="com.maybestore.Testcase_Cart" time="10.568" errors="0" timestamp="22 thg 5 2024 01:22:57 GMT" skipped="0">
  <testcase classname="com.maybestore.Testcase_Cart" name="TC_01_AddDuplicateProductsToCartAndCheckCart" time="10.568"/>
</testsuite> <!-- com.maybestore.Testcase_Cart -->
