<?xml version="1.0" encoding="UTF-8"?>
<!-- Generated by org.testng.reporters.JUnitReportReporter -->
<testsuite hostname="MAI" failures="0" tests="1" name="com.maybestore.Test_Login_Maybi" time="3.868" errors="0" timestamp="31 thg 3 2024 04:08:55 GMT" skipped="0">
  <testcase classname="com.maybestore.Test_Login_Maybi" name="TC_01_All_Empty" time="3.868"/>
</testsuite> <!-- com.maybestore.Test_Login_Maybi -->
