<?xml version="1.0" encoding="UTF-8"?>
<!-- Generated by org.testng.reporters.JUnitReportReporter -->
<testsuite hostname="MAI" failures="0" tests="1" name="com.maybestore.test" time="11.981" errors="0" timestamp="19 thg 3 2024 16:06:47 GMT" skipped="0">
  <testcase classname="com.maybestore.test" name="TC_05_Search_Empty" time="11.981"/>
</testsuite> <!-- com.maybestore.test -->
