<?xml version="1.0" encoding="UTF-8"?>
<!-- Generated by org.testng.reporters.JUnitReportReporter -->
<testsuite hostname="MAI" failures="0" tests="12" name="com.maybestore.Testcase_checkount" time="239.482" errors="0" timestamp="22 thg 5 2024 01:15:25 GMT" skipped="0">
  <testcase classname="com.maybestore.Testcase_checkount" name="TC_05_CheckountWhiteSpacePhone" time="20.316"/>
  <testcase classname="com.maybestore.Testcase_checkount" name="TC_05_CheckountValidatePhone" time="17.788"/>
  <testcase classname="com.maybestore.Testcase_checkount" name="TC_03_CheckountFieldWithFullName" time="21.357"/>
  <testcase classname="com.maybestore.Testcase_checkount" name="TC_01_Checkount_Empty_All_Fields" time="10.213"/>
  <testcase classname="com.maybestore.Testcase_checkount" name="TC_07_CheckountValidatCity_District_Ward" time="24.687"/>
  <testcase classname="com.maybestore.Testcase_checkount" name="TC_04_CheckountWithCorrectEmail" time="22.323"/>
  <testcase classname="com.maybestore.Testcase_checkount" name="TC_02_Checkount_required_fields" time="17.578"/>
  <testcase classname="com.maybestore.Testcase_checkount" name="TC_04_CheckountWithInvaliEmail" time="22.925"/>
  <testcase classname="com.maybestore.Testcase_checkount" name="TC_04_CheckountWithWhiteSpaceEmail" time="20.970"/>
  <testcase classname="com.maybestore.Testcase_checkount" name="TC_05_CheckountLenghtPhone" time="17.986"/>
  <testcase classname="com.maybestore.Testcase_checkount" name="TC_03_CheckountWithWhiteSpaceFullName" time="21.343"/>
  <testcase classname="com.maybestore.Testcase_checkount" name="TC_06_CheckountWhiteSpaceAddress" time="21.996"/>
</testsuite> <!-- com.maybestore.Testcase_checkount -->
